<?xml version="1.0" encoding="UTF-8"?>
<!-- Generated by org.testng.reporters.JUnitReportReporter -->
<testsuite skipped="0" hostname="DESKTOP-JQ0LRFT" name="allTest.DependsOn" tests="3" failures="0" timestamp="2020-04-05T13:26:00 EDT" time="0.049" errors="0">
  <testcase name="test1" time="0.044" classname="allTest.DependsOn"/>
  <system-out/>
  <testcase name="test2" time="0.001" classname="allTest.DependsOn"/>
  <system-out/>
  <testcase name="test3" time="0.004" classname="allTest.DependsOn"/>
  <system-out/>
</testsuite> <!-- allTest.DependsOn -->
